{"/Users/suppanathuss/Desktop/work-project/nfs-utils/nfs-react-component-creator-boilerplate/src/Link.js": {"path":"/Users/suppanathuss/Desktop/work-project/nfs-utils/nfs-react-component-creator-boilerplate/src/Link.js","statementMap":{"0":{"start":{"line":1,"column":13},"end":{"line":1,"column":75}},"1":{"start":{"line":1,"column":94},"end":{"line":1,"column":623}},"2":{"start":{"line":1,"column":149},"end":{"line":1,"column":414}},"3":{"start":{"line":1,"column":206},"end":{"line":1,"column":214}},"4":{"start":{"line":1,"column":215},"end":{"line":1,"column":270}},"5":{"start":{"line":1,"column":270},"end":{"line":1,"column":301}},"6":{"start":{"line":1,"column":301},"end":{"line":1,"column":355}},"7":{"start":{"line":1,"column":328},"end":{"line":1,"column":355}},"8":{"start":{"line":1,"column":355},"end":{"line":1,"column":413}},"9":{"start":{"line":1,"column":415},"end":{"line":1,"column":620}},"10":{"start":{"line":1,"column":471},"end":{"line":1,"column":539}},"11":{"start":{"line":1,"column":487},"end":{"line":1,"column":539}},"12":{"start":{"line":1,"column":539},"end":{"line":1,"column":599}},"13":{"start":{"line":1,"column":556},"end":{"line":1,"column":599}},"14":{"start":{"line":1,"column":599},"end":{"line":1,"column":618}},"15":{"start":{"line":1,"column":637},"end":{"line":1,"column":653}},"16":{"start":{"line":1,"column":668},"end":{"line":1,"column":698}},"17":{"start":{"line":1,"column":737},"end":{"line":1,"column":791}},"18":{"start":{"line":1,"column":841},"end":{"line":1,"column":940}},"19":{"start":{"line":1,"column":882},"end":{"line":1,"column":939}},"20":{"start":{"line":1,"column":990},"end":{"line":1,"column":1089}},"21":{"start":{"line":1,"column":1002},"end":{"line":1,"column":1088}},"22":{"start":{"line":1,"column":1089},"end":{"line":1,"column":1175}},"23":{"start":{"line":1,"column":1218},"end":{"line":1,"column":1381}},"24":{"start":{"line":1,"column":1280},"end":{"line":1,"column":1380}},"25":{"start":{"line":1,"column":1381},"end":{"line":1,"column":1545}},"26":{"start":{"line":1,"column":1545},"end":{"line":1,"column":1663}},"27":{"start":{"line":1,"column":1561},"end":{"line":1,"column":1663}},"28":{"start":{"line":3,"column":13},"end":{"line":5,"column":20}},"29":{"start":{"line":8,"column":7},"end":{"line":39,"column":50}},"30":{"start":{"line":8,"column":36},"end":{"line":8,"column":70}},"31":{"start":{"line":10,"column":19},"end":{"line":10,"column":47}},"32":{"start":{"line":10,"column":59},"end":{"line":10,"column":151}},"33":{"start":{"line":13,"column":4},"end":{"line":13,"column":58}},"34":{"start":{"line":14,"column":4},"end":{"line":14,"column":58}},"35":{"start":{"line":16,"column":4},"end":{"line":17,"column":29}},"36":{"start":{"line":17,"column":29},"end":{"line":17,"column":42}},"37":{"start":{"line":19,"column":3},"end":{"line":39,"column":10}},"38":{"start":{"line":22,"column":6},"end":{"line":22,"column":47}},"39":{"start":{"line":26,"column":6},"end":{"line":26,"column":46}},"40":{"start":{"line":30,"column":6},"end":{"line":36,"column":32}},"41":{"start":{"line":39,"column":10},"end":{"line":39,"column":22}},"42":{"start":{"line":39,"column":51},"end":{"line":39,"column":74}}},"fnMap":{"0":{"name":"(anonymous_0)","decl":{"start":{"line":1,"column":94},"end":{"line":1,"column":95}},"loc":{"start":{"line":1,"column":106},"end":{"line":1,"column":621}}},"1":{"name":"defineProperties","decl":{"start":{"line":1,"column":116},"end":{"line":1,"column":132}},"loc":{"start":{"line":1,"column":148},"end":{"line":1,"column":415}}},"2":{"name":"(anonymous_2)","decl":{"start":{"line":1,"column":422},"end":{"line":1,"column":423}},"loc":{"start":{"line":1,"column":470},"end":{"line":1,"column":619}}},"3":{"name":"_interopRequireDefault","decl":{"start":{"line":1,"column":708},"end":{"line":1,"column":730}},"loc":{"start":{"line":1,"column":736},"end":{"line":1,"column":792}}},"4":{"name":"_classCallCheck","decl":{"start":{"line":1,"column":801},"end":{"line":1,"column":816}},"loc":{"start":{"line":1,"column":840},"end":{"line":1,"column":941}}},"5":{"name":"_possibleConstructorReturn","decl":{"start":{"line":1,"column":950},"end":{"line":1,"column":976}},"loc":{"start":{"line":1,"column":989},"end":{"line":1,"column":1176}}},"6":{"name":"_inherits","decl":{"start":{"line":1,"column":1185},"end":{"line":1,"column":1194}},"loc":{"start":{"line":1,"column":1217},"end":{"line":1,"column":1664}}},"7":{"name":"(anonymous_7)","decl":{"start":{"line":8,"column":7},"end":{"line":8,"column":8}},"loc":{"start":{"line":8,"column":35},"end":{"line":39,"column":23}}},"8":{"name":"Link","decl":{"start":{"line":10,"column":11},"end":{"line":10,"column":15}},"loc":{"start":{"line":10,"column":18},"end":{"line":19,"column":3}}},"9":{"name":"_onMouseEnter","decl":{"start":{"line":19,"column":63},"end":{"line":19,"column":76}},"loc":{"start":{"line":21,"column":4},"end":{"line":23,"column":5}}},"10":{"name":"_onMouseLeave","decl":{"start":{"line":23,"column":49},"end":{"line":23,"column":62}},"loc":{"start":{"line":25,"column":4},"end":{"line":27,"column":5}}},"11":{"name":"render","decl":{"start":{"line":27,"column":42},"end":{"line":27,"column":48}},"loc":{"start":{"line":29,"column":4},"end":{"line":39,"column":5}}}},"branchMap":{"0":{"loc":{"start":{"line":1,"column":239},"end":{"line":1,"column":269}},"type":"binary-expr","locations":[{"start":{"line":1,"column":239},"end":{"line":1,"column":260}},{"start":{"line":1,"column":264},"end":{"line":1,"column":269}}]},"1":{"loc":{"start":{"line":1,"column":301},"end":{"line":1,"column":355}},"type":"if","locations":[{"start":{"line":1,"column":301},"end":{"line":1,"column":355}},{"start":{"line":1,"column":301},"end":{"line":1,"column":355}}]},"2":{"loc":{"start":{"line":1,"column":471},"end":{"line":1,"column":539}},"type":"if","locations":[{"start":{"line":1,"column":471},"end":{"line":1,"column":539}},{"start":{"line":1,"column":471},"end":{"line":1,"column":539}}]},"3":{"loc":{"start":{"line":1,"column":539},"end":{"line":1,"column":599}},"type":"if","locations":[{"start":{"line":1,"column":539},"end":{"line":1,"column":599}},{"start":{"line":1,"column":539},"end":{"line":1,"column":599}}]},"4":{"loc":{"start":{"line":1,"column":744},"end":{"line":1,"column":790}},"type":"cond-expr","locations":[{"start":{"line":1,"column":768},"end":{"line":1,"column":771}},{"start":{"line":1,"column":774},"end":{"line":1,"column":790}}]},"5":{"loc":{"start":{"line":1,"column":744},"end":{"line":1,"column":765}},"type":"binary-expr","locations":[{"start":{"line":1,"column":744},"end":{"line":1,"column":747}},{"start":{"line":1,"column":751},"end":{"line":1,"column":765}}]},"6":{"loc":{"start":{"line":1,"column":841},"end":{"line":1,"column":940}},"type":"if","locations":[{"start":{"line":1,"column":841},"end":{"line":1,"column":940}},{"start":{"line":1,"column":841},"end":{"line":1,"column":940}}]},"7":{"loc":{"start":{"line":1,"column":990},"end":{"line":1,"column":1089}},"type":"if","locations":[{"start":{"line":1,"column":990},"end":{"line":1,"column":1089}},{"start":{"line":1,"column":990},"end":{"line":1,"column":1089}}]},"8":{"loc":{"start":{"line":1,"column":1096},"end":{"line":1,"column":1174}},"type":"cond-expr","locations":[{"start":{"line":1,"column":1163},"end":{"line":1,"column":1167}},{"start":{"line":1,"column":1170},"end":{"line":1,"column":1174}}]},"9":{"loc":{"start":{"line":1,"column":1096},"end":{"line":1,"column":1160}},"type":"binary-expr","locations":[{"start":{"line":1,"column":1096},"end":{"line":1,"column":1100}},{"start":{"line":1,"column":1105},"end":{"line":1,"column":1129}},{"start":{"line":1,"column":1133},"end":{"line":1,"column":1159}}]},"10":{"loc":{"start":{"line":1,"column":1218},"end":{"line":1,"column":1381}},"type":"if","locations":[{"start":{"line":1,"column":1218},"end":{"line":1,"column":1381}},{"start":{"line":1,"column":1218},"end":{"line":1,"column":1381}}]},"11":{"loc":{"start":{"line":1,"column":1222},"end":{"line":1,"column":1277}},"type":"binary-expr","locations":[{"start":{"line":1,"column":1222},"end":{"line":1,"column":1254}},{"start":{"line":1,"column":1258},"end":{"line":1,"column":1277}}]},"12":{"loc":{"start":{"line":1,"column":1416},"end":{"line":1,"column":1450}},"type":"binary-expr","locations":[{"start":{"line":1,"column":1416},"end":{"line":1,"column":1426}},{"start":{"line":1,"column":1430},"end":{"line":1,"column":1450}}]},"13":{"loc":{"start":{"line":1,"column":1545},"end":{"line":1,"column":1663}},"type":"if","locations":[{"start":{"line":1,"column":1545},"end":{"line":1,"column":1663}},{"start":{"line":1,"column":1545},"end":{"line":1,"column":1663}}]},"14":{"loc":{"start":{"line":1,"column":1561},"end":{"line":1,"column":1662}},"type":"cond-expr","locations":[{"start":{"line":1,"column":1585},"end":{"line":1,"column":1628}},{"start":{"line":1,"column":1631},"end":{"line":1,"column":1662}}]},"15":{"loc":{"start":{"line":10,"column":93},"end":{"line":10,"column":138}},"type":"binary-expr","locations":[{"start":{"line":10,"column":93},"end":{"line":10,"column":107}},{"start":{"line":10,"column":111},"end":{"line":10,"column":138}}]},"16":{"loc":{"start":{"line":33,"column":18},"end":{"line":33,"column":40}},"type":"binary-expr","locations":[{"start":{"line":33,"column":18},"end":{"line":33,"column":33}},{"start":{"line":33,"column":37},"end":{"line":33,"column":40}}]}},"s":{"0":0,"1":0,"2":0,"3":0,"4":0,"5":0,"6":0,"7":0,"8":0,"9":0,"10":0,"11":0,"12":0,"13":0,"14":0,"15":0,"16":0,"17":0,"18":0,"19":0,"20":0,"21":0,"22":0,"23":0,"24":0,"25":0,"26":0,"27":0,"28":0,"29":0,"30":0,"31":0,"32":0,"33":0,"34":0,"35":0,"36":0,"37":0,"38":0,"39":0,"40":0,"41":0,"42":0},"f":{"0":0,"1":0,"2":0,"3":0,"4":0,"5":0,"6":0,"7":0,"8":0,"9":0,"10":0,"11":0},"b":{"0":[0,0],"1":[0,0],"2":[0,0],"3":[0,0],"4":[0,0],"5":[0,0],"6":[0,0],"7":[0,0],"8":[0,0],"9":[0,0,0],"10":[0,0],"11":[0,0],"12":[0,0],"13":[0,0],"14":[0,0],"15":[0,0],"16":[0,0]}}
,"/Users/suppanathuss/Desktop/work-project/nfs-utils/nfs-react-component-creator-boilerplate/src/TestComponent.js": {"path":"/Users/suppanathuss/Desktop/work-project/nfs-utils/nfs-react-component-creator-boilerplate/src/TestComponent.js","statementMap":{"0":{"start":{"line":3,"column":14},"end":{"line":3,"column":49}},"1":{"start":{"line":7,"column":4},"end":{"line":7,"column":76}}},"fnMap":{"0":{"name":"(anonymous_0)","decl":{"start":{"line":6,"column":2},"end":{"line":6,"column":3}},"loc":{"start":{"line":6,"column":11},"end":{"line":8,"column":3}}}},"branchMap":{},"s":{"0":1,"1":1},"f":{"0":1},"b":{},"_coverageSchema":"332fd63041d2c1bcb487cc26dd0d5f7d97098a6c","hash":"32b7fa0796f5004290b558cd8f39b9a9c6a78e15"}
,"/Users/suppanathuss/Desktop/work-project/nfs-utils/nfs-react-component-creator-boilerplate/src/index.js": {"path":"/Users/suppanathuss/Desktop/work-project/nfs-utils/nfs-react-component-creator-boilerplate/src/index.js","statementMap":{"0":{"start":{"line":1,"column":13},"end":{"line":1,"column":75}},"1":{"start":{"line":1,"column":96},"end":{"line":1,"column":122}},"2":{"start":{"line":1,"column":145},"end":{"line":1,"column":183}},"3":{"start":{"line":1,"column":222},"end":{"line":1,"column":276}},"4":{"start":{"line":1,"column":277},"end":{"line":1,"column":319}}},"fnMap":{"0":{"name":"_interopRequireDefault","decl":{"start":{"line":1,"column":193},"end":{"line":1,"column":215}},"loc":{"start":{"line":1,"column":221},"end":{"line":1,"column":277}}}},"branchMap":{"0":{"loc":{"start":{"line":1,"column":229},"end":{"line":1,"column":275}},"type":"cond-expr","locations":[{"start":{"line":1,"column":253},"end":{"line":1,"column":256}},{"start":{"line":1,"column":259},"end":{"line":1,"column":275}}]},"1":{"loc":{"start":{"line":1,"column":229},"end":{"line":1,"column":250}},"type":"binary-expr","locations":[{"start":{"line":1,"column":229},"end":{"line":1,"column":232}},{"start":{"line":1,"column":236},"end":{"line":1,"column":250}}]}},"s":{"0":0,"1":0,"2":0,"3":0,"4":0},"f":{"0":0},"b":{"0":[0,0],"1":[0,0]}}
}
